c:\users\administrator\desktop\1123\arima模型\arima模型\debug\vc120.pdb
c:\users\administrator\desktop\1123\arima模型\arima模型\debug\vc120.idb
c:\users\administrator\desktop\1123\arima模型\arima模型\debug\armamath.obj
c:\users\administrator\desktop\1123\arima模型\arima模型\debug\main.obj
c:\users\administrator\desktop\1123\arima模型\arima模型\debug\mamodel.obj
c:\users\administrator\desktop\1123\arima模型\debug\arima模型.ilk
c:\users\administrator\desktop\1123\arima模型\debug\arima模型.exe
c:\users\administrator\desktop\1123\arima模型\debug\arima模型.pdb
h:\arima模型\arima模型\debug\armamath.obj
h:\arima模型\arima模型\debug\main.obj
h:\arima模型\arima模型\debug\mamodel.obj
h:\arima模型\arima模型\debug\vc120.idb
h:\arima模型\arima模型\debug\vc120.pdb
h:\arima模型\debug\arima模型.pdb
h:\arima模型\debug\arima模型.exe
h:\arima模型\debug\arima模型.ilk
h:\arima模型\arima模型\debug\arima模型.tlog\cl.command.1.tlog
h:\arima模型\arima模型\debug\arima模型.tlog\cl.read.1.tlog
h:\arima模型\arima模型\debug\arima模型.tlog\cl.write.1.tlog
h:\arima模型\arima模型\debug\arima模型.tlog\link.command.1.tlog
h:\arima模型\arima模型\debug\arima模型.tlog\link.read.1.tlog
h:\arima模型\arima模型\debug\arima模型.tlog\link.write.1.tlog
